0 verbose cli /Users/vincent.vanhassel/.nvm/versions/node/v18.16.1/bin/node /Users/vincent.vanhassel/.nvm/versions/node/v18.16.1/bin/npm
1 info using npm@9.5.1
2 info using node@v18.16.1
3 timing npm:load:whichnode Completed in 1ms
4 timing config:load:defaults Completed in 1ms
5 timing config:load:file:/Users/vincent.vanhassel/.nvm/versions/node/v18.16.1/lib/node_modules/npm/npmrc Completed in 2ms
6 timing config:load:builtin Completed in 2ms
7 timing config:load:cli Completed in 1ms
8 timing config:load:env Completed in 0ms
9 timing config:load:file:/Users/vincent.vanhassel/BNP/sandbox/Hyperledger-Besu/Ethereum-Besu/blockscout-5.1.3-beta/apps/explorer/.npmrc Completed in 0ms
10 timing config:load:project Completed in 0ms
11 timing config:load:file:/Users/vincent.vanhassel/.npmrc Completed in 1ms
12 timing config:load:user Completed in 1ms
13 timing config:load:file:/Users/vincent.vanhassel/.nvm/versions/node/v18.16.1/etc/npmrc Completed in 0ms
14 timing config:load:global Completed in 1ms
15 timing config:load:setEnvs Completed in 0ms
16 timing config:load Completed in 8ms
17 timing npm:load:configload Completed in 8ms
18 timing npm:load:mkdirpcache Completed in 0ms
19 timing npm:load:mkdirplogs Completed in 0ms
20 verbose title npm install
21 verbose argv "install"
22 timing npm:load:setTitle Completed in 14ms
23 timing config:load:flatten Completed in 2ms
24 timing npm:load:display Completed in 3ms
25 verbose logfile logs-max:10 dir:/Users/vincent.vanhassel/.npm/_logs/2023-12-27T13_34_29_789Z-
26 verbose logfile /Users/vincent.vanhassel/.npm/_logs/2023-12-27T13_34_29_789Z-debug-0.log
27 timing npm:load:logFile Completed in 4ms
28 timing npm:load:timers Completed in 0ms
29 timing npm:load:configScope Completed in 1ms
30 timing npm:load Completed in 32ms
31 timing arborist:ctor Completed in 0ms
32 silly logfile start cleaning logs, removing 1 files
33 silly logfile done cleaning log files
34 timing idealTree:init Completed in 26ms
35 timing idealTree:userRequests Completed in 0ms
36 silly idealTree buildDeps
37 timing idealTree:#root Completed in 0ms
38 timing idealTree:buildDeps Completed in 1ms
39 timing idealTree:fixDepFlags Completed in 1ms
40 warn EBADENGINE Unsupported engine {
40 warn EBADENGINE   package: undefined,
40 warn EBADENGINE   required: { node: '18.x', npm: '8.x' },
40 warn EBADENGINE   current: { node: 'v18.16.1', npm: '9.5.1' }
40 warn EBADENGINE }
41 timing idealTree Completed in 33ms
42 timing arborist:ctor Completed in 0ms
43 timing reify:loadTrees Completed in 42ms
44 timing reify:diffTrees Completed in 3ms
45 silly reify moves {}
46 timing reify:retireShallow Completed in 1ms
47 timing reify:createSparse Completed in 0ms
48 timing reify:loadBundles Completed in 0ms
49 silly audit bulk request {
49 silly audit   'command-exists': [ '1.2.9' ],
49 silly audit   commander: [ '8.3.0' ],
49 silly audit   'follow-redirects': [ '1.14.8' ],
49 silly audit   'js-sha3': [ '0.8.0' ],
49 silly audit   memorystream: [ '0.3.1' ],
49 silly audit   'os-tmpdir': [ '1.0.2' ],
49 silly audit   semver: [ '5.7.1' ],
49 silly audit   solc: [ '0.8.19' ],
49 silly audit   tmp: [ '0.0.33' ]
49 silly audit }
50 timing reify:unpack Completed in 4ms
51 timing reify:unretire Completed in 0ms
52 timing build:queue Completed in 0ms
53 timing build:deps Completed in 0ms
54 timing build Completed in 0ms
55 timing reify:build Completed in 0ms
56 timing reify:trash Completed in 0ms
57 timing reify:save Completed in 12ms
58 http fetch POST 200 https://registry.npmjs.org/-/npm/v1/security/advisories/bulk 283ms
59 timing auditReport:getReport Completed in 284ms
60 silly audit report {
60 silly audit report   semver: [
60 silly audit report     {
60 silly audit report       id: 1094554,
60 silly audit report       url: 'https://github.com/advisories/GHSA-c2qf-rxjj-qqgw',
60 silly audit report       title: 'semver vulnerable to Regular Expression Denial of Service',
60 silly audit report       severity: 'moderate',
60 silly audit report       vulnerable_versions: '<5.7.2',
60 silly audit report       cwe: [Array],
60 silly audit report       cvss: [Object]
60 silly audit report     }
60 silly audit report   ]
60 silly audit report }
61 timing metavuln:cache:get:security-advisory:semver:3PyBKqoXEpiL7mFRG7u0gNFJbfuPkyG3pE4CL+7K43jfFC8aNmrbqXPNAP9cb7xSQVnnHiYFl6opVqdT+Xmf1g== Completed in 8ms
62 http fetch GET 200 https://registry.npmjs.org/semver 17ms (cache hit)
63 timing metavuln:packument:semver Completed in 18ms
64 timing metavuln:load:security-advisory:semver:1094554 Completed in 1ms
65 timing metavuln:calculate:security-advisory:semver:1094554 Completed in 21ms
66 timing metavuln:cache:get:security-advisory:solc:Hl6XSAO0wgrFuHhf6pa7J4q7M/EHUi4R6qchh74ihnW4RPdNprrRQeRjxwGwVmGXbtsFfpT/A/hKerMEax2u4g== Completed in 1ms
67 http fetch GET 200 https://registry.npmjs.org/solc 702ms (cache miss)
68 timing metavuln:packument:solc Completed in 704ms
69 timing metavuln:load:security-advisory:solc:3PyBKqoXEpiL7mFRG7u0gNFJbfuPkyG3pE4CL+7K43jfFC8aNmrbqXPNAP9cb7xSQVnnHiYFl6opVqdT+Xmf1g== Completed in 6ms
70 timing metavuln:cache:put:security-advisory:solc:Hl6XSAO0wgrFuHhf6pa7J4q7M/EHUi4R6qchh74ihnW4RPdNprrRQeRjxwGwVmGXbtsFfpT/A/hKerMEax2u4g== Completed in 3ms
71 timing metavuln:calculate:security-advisory:solc:3PyBKqoXEpiL7mFRG7u0gNFJbfuPkyG3pE4CL+7K43jfFC8aNmrbqXPNAP9cb7xSQVnnHiYFl6opVqdT+Xmf1g== Completed in 714ms
72 timing auditReport:init Completed in 735ms
73 timing reify:audit Completed in 1021ms
74 timing reify Completed in 1072ms
75 timing command:install Completed in 1082ms
76 verbose exit 0
77 timing npm Completed in 1130ms
78 info ok
