0 verbose cli /Users/vincent.vanhassel/.nvm/versions/node/v18.16.1/bin/node /Users/vincent.vanhassel/.nvm/versions/node/v18.16.1/bin/npm
1 info using npm@9.5.1
2 info using node@v18.16.1
3 timing npm:load:whichnode Completed in 3ms
4 timing config:load:defaults Completed in 2ms
5 timing config:load:file:/Users/vincent.vanhassel/.nvm/versions/node/v18.16.1/lib/node_modules/npm/npmrc Completed in 2ms
6 timing config:load:builtin Completed in 2ms
7 timing config:load:cli Completed in 1ms
8 timing config:load:env Completed in 0ms
9 timing config:load:project Completed in 1ms
10 timing config:load:file:/Users/vincent.vanhassel/.npmrc Completed in 2ms
11 timing config:load:user Completed in 2ms
12 timing config:load:file:/Users/vincent.vanhassel/.nvm/versions/node/v18.16.1/etc/npmrc Completed in 0ms
13 timing config:load:global Completed in 0ms
14 timing config:load:setEnvs Completed in 1ms
15 timing config:load Completed in 10ms
16 timing npm:load:configload Completed in 10ms
17 timing npm:load:mkdirpcache Completed in 0ms
18 timing npm:load:mkdirplogs Completed in 1ms
19 verbose title npm install npm@8.19.4
20 verbose argv "install" "--global" "npm@8.19.4"
21 timing npm:load:setTitle Completed in 20ms
22 timing config:load:flatten Completed in 3ms
23 timing npm:load:display Completed in 3ms
24 verbose logfile logs-max:10 dir:/Users/vincent.vanhassel/.npm/_logs/2023-12-27T13_39_39_231Z-
25 verbose logfile /Users/vincent.vanhassel/.npm/_logs/2023-12-27T13_39_39_231Z-debug-0.log
26 timing npm:load:logFile Completed in 5ms
27 timing npm:load:timers Completed in 0ms
28 timing npm:load:configScope Completed in 0ms
29 timing npm:load Completed in 42ms
30 timing config:load:flatten Completed in 0ms
31 silly logfile start cleaning logs, removing 1 files
32 silly logfile done cleaning log files
33 http fetch GET 200 https://registry.npmjs.org/npm 174ms (cache miss)
34 timing arborist:ctor Completed in 0ms
35 timing idealTree:init Completed in 4ms
36 timing idealTree:userRequests Completed in 2ms
37 silly idealTree buildDeps
38 silly fetch manifest npm@8.19.4
39 http fetch GET 200 https://registry.npmjs.org/npm 13ms (cache hit)
40 silly placeDep ROOT npm@8.19.4 OK for:  want: 8.19.4
41 timing idealTree:#root Completed in 34ms
42 timing idealTree:node_modules/npm Completed in 0ms
43 timing idealTree:buildDeps Completed in 35ms
44 timing idealTree:fixDepFlags Completed in 1ms
45 timing idealTree Completed in 43ms
46 timing reify:loadTrees Completed in 196ms
47 timing reify:diffTrees Completed in 2ms
48 silly reify mark retired [
48 silly reify   '/Users/vincent.vanhassel/.nvm/versions/node/v18.16.1/lib/node_modules/npm',
48 silly reify   '/Users/vincent.vanhassel/.nvm/versions/node/v18.16.1/bin/npm',
48 silly reify   '/Users/vincent.vanhassel/.nvm/versions/node/v18.16.1/bin/npx'
48 silly reify ]
49 silly reify moves {
49 silly reify   '/Users/vincent.vanhassel/.nvm/versions/node/v18.16.1/lib/node_modules/npm': '/Users/vincent.vanhassel/.nvm/versions/node/v18.16.1/lib/node_modules/.npm-MlYtHEHj',
49 silly reify   '/Users/vincent.vanhassel/.nvm/versions/node/v18.16.1/bin/npm': '/Users/vincent.vanhassel/.nvm/versions/node/v18.16.1/bin/.npm-5o0EPcDg',
49 silly reify   '/Users/vincent.vanhassel/.nvm/versions/node/v18.16.1/bin/npx': '/Users/vincent.vanhassel/.nvm/versions/node/v18.16.1/bin/.npx-CzyFExy8'
49 silly reify }
50 timing reify:retireShallow Completed in 3ms
51 timing reify:createSparse Completed in 0ms
52 silly tarball no local data for npm@https://registry.npmjs.org/npm/-/npm-8.19.4.tgz. Extracting by manifest.
53 http fetch GET 200 https://registry.npmjs.org/npm/-/npm-8.19.4.tgz 661ms (cache miss)
54 timing reifyNode:node_modules/npm Completed in 665ms
55 timing arborist:ctor Completed in 0ms
56 timing reify:diffTrees Completed in 4ms
57 timing reify:loadBundles Completed in 821ms
58 timing reify:unpack Completed in 1ms
59 timing reify:unretire Completed in 0ms
60 timing build:queue Completed in 10ms
61 timing build:link:node_modules/npm/node_modules/@npmcli/arborist Completed in 9ms
62 timing build:link:node_modules/npm/node_modules/node-gyp/node_modules/nopt Completed in 7ms
63 timing build:link:node_modules/npm/node_modules/@npmcli/installed-package-contents Completed in 9ms
64 timing build:link:node_modules/npm/node_modules/mkdirp Completed in 9ms
65 timing build:link:node_modules/npm/node_modules/cssesc Completed in 9ms
66 timing build:link:node_modules/npm Completed in 9ms
67 timing build:link:node_modules/npm/node_modules/color-support Completed in 9ms
68 timing build:link:node_modules/npm/node_modules/nopt Completed in 8ms
69 timing build:link:node_modules/npm/node_modules/node-gyp Completed in 9ms
70 timing build:link:node_modules/npm/node_modules/npm-packlist Completed in 9ms
71 timing build:link:node_modules/npm/node_modules/pacote Completed in 9ms
72 timing build:link:node_modules/npm/node_modules/opener Completed in 9ms
73 timing build:link:node_modules/npm/node_modules/semver Completed in 8ms
74 timing build:link:node_modules/npm/node_modules/qrcode-terminal Completed in 9ms
75 timing build:link:node_modules/npm/node_modules/rimraf Completed in 9ms
76 timing build:link:node_modules/npm/node_modules/which Completed in 8ms
77 timing build:link Completed in 11ms
78 timing build:deps Completed in 21ms
79 timing build Completed in 21ms
80 timing reify:build Completed in 22ms
81 timing reify:trash Completed in 179ms
82 timing reify Completed in 1229ms
83 silly CHANGE node_modules/npm
84 silly CHANGE node_modules/npm/node_modules/@npmcli/disparity-colors
85 silly CHANGE node_modules/npm/node_modules/@npmcli/run-script
86 silly CHANGE node_modules/npm/node_modules/@npmcli/query
87 silly CHANGE node_modules/npm/node_modules/@npmcli/promise-spawn
88 silly CHANGE node_modules/npm/node_modules/@npmcli/node-gyp
89 silly CHANGE node_modules/npm/node_modules/@npmcli/package-json
90 silly CHANGE node_modules/npm/node_modules/@npmcli/name-from-folder
91 silly CHANGE node_modules/npm/node_modules/@npmcli/metavuln-calculator
92 silly CHANGE node_modules/npm/node_modules/@npmcli/map-workspaces
93 silly CHANGE node_modules/npm/node_modules/@npmcli/installed-package-contents
94 silly CHANGE node_modules/npm/node_modules/@npmcli/git
95 silly CHANGE node_modules/npm/node_modules/@npmcli/fs
96 silly CHANGE node_modules/npm/node_modules/@npmcli/config
97 silly CHANGE node_modules/npm/node_modules/@npmcli/arborist
98 silly CHANGE node_modules/npm/node_modules/write-file-atomic
99 silly CHANGE node_modules/npm/node_modules/which
100 silly CHANGE node_modules/npm/node_modules/validate-npm-package-name
101 silly CHANGE node_modules/npm/node_modules/string_decoder
102 silly CHANGE node_modules/npm/node_modules/unique-slug
103 silly CHANGE node_modules/npm/node_modules/unique-filename
104 silly REMOVE node_modules/npm/node_modules/tuf-js
105 silly CHANGE node_modules/npm/node_modules/treeverse
106 silly CHANGE node_modules/npm/node_modules/tar
107 silly REMOVE node_modules/npm/node_modules/tar/node_modules/fs-minipass
108 silly REMOVE node_modules/npm/node_modules/tar/node_modules/fs-minipass/node_modules/minipass
109 silly CHANGE node_modules/npm/node_modules/rimraf
110 silly CHANGE node_modules/npm/node_modules/ssri
111 silly CHANGE node_modules/npm/node_modules/safe-buffer
112 silly CHANGE node_modules/npm/node_modules/spdx-license-ids
113 silly CHANGE node_modules/npm/node_modules/socks
114 silly CHANGE node_modules/npm/node_modules/qrcode-terminal
115 silly CHANGE node_modules/npm/node_modules/read
116 silly REMOVE node_modules/npm/node_modules/sigstore
117 silly CHANGE node_modules/npm/node_modules/semver
118 silly CHANGE node_modules/npm/node_modules/read-package-json-fast
119 silly CHANGE node_modules/npm/node_modules/readable-stream
120 silly CHANGE node_modules/npm/node_modules/read-cmd-shim
121 silly CHANGE node_modules/npm/node_modules/read-package-json
122 silly CHANGE node_modules/npm/node_modules/mute-stream
123 silly CHANGE node_modules/npm/node_modules/npm-user-validate
124 silly CHANGE node_modules/npm/node_modules/promzard
125 silly REMOVE node_modules/npm/node_modules/process
126 silly CHANGE node_modules/npm/node_modules/proc-log
127 silly CHANGE node_modules/npm/node_modules/postcss-selector-parser
128 silly CHANGE node_modules/npm/node_modules/libnpmversion
129 silly CHANGE node_modules/npm/node_modules/parse-conflict-json
130 silly CHANGE node_modules/npm/node_modules/pacote
131 silly CHANGE node_modules/npm/node_modules/npm-profile
132 silly CHANGE node_modules/npm/node_modules/npmlog
133 silly CHANGE node_modules/npm/node_modules/npm-registry-fetch
134 silly CHANGE node_modules/npm/node_modules/libnpmsearch
135 silly CHANGE node_modules/npm/node_modules/npm-pick-manifest
136 silly CHANGE node_modules/npm/node_modules/npm-packlist
137 silly CHANGE node_modules/npm/node_modules/npm-package-arg
138 silly CHANGE node_modules/npm/node_modules/npm-normalize-package-bin
139 silly CHANGE node_modules/npm/node_modules/npm-install-checks
140 silly CHANGE node_modules/npm/node_modules/npm-bundled
141 silly CHANGE node_modules/npm/node_modules/npm-audit-report
142 silly CHANGE node_modules/npm/node_modules/normalize-package-data
143 silly CHANGE node_modules/npm/node_modules/nopt
144 silly CHANGE node_modules/npm/node_modules/node-gyp
145 silly REMOVE node_modules/npm/node_modules/node-gyp/node_modules/@npmcli/fs
146 silly REMOVE node_modules/npm/node_modules/node-gyp/node_modules/ssri
147 silly REMOVE node_modules/npm/node_modules/node-gyp/node_modules/unique-filename
148 silly REMOVE node_modules/npm/node_modules/node-gyp/node_modules/are-we-there-yet
149 silly REMOVE node_modules/npm/node_modules/node-gyp/node_modules/readable-stream
150 silly REMOVE node_modules/npm/node_modules/node-gyp/node_modules/which
151 silly REMOVE node_modules/npm/node_modules/node-gyp/node_modules/unique-slug
152 silly CHANGE node_modules/npm/node_modules/node-gyp/node_modules/nopt
153 silly REMOVE node_modules/npm/node_modules/node-gyp/node_modules/minipass-fetch
154 silly REMOVE node_modules/npm/node_modules/node-gyp/node_modules/npmlog
155 silly REMOVE node_modules/npm/node_modules/node-gyp/node_modules/make-fetch-happen
156 silly REMOVE node_modules/npm/node_modules/node-gyp/node_modules/gauge
157 silly REMOVE node_modules/npm/node_modules/node-gyp/node_modules/minipass
158 silly REMOVE node_modules/npm/node_modules/node-gyp/node_modules/cacache
159 silly REMOVE node_modules/npm/node_modules/node-gyp/node_modules/cacache/node_modules/minimatch
160 silly REMOVE node_modules/npm/node_modules/node-gyp/node_modules/cacache/node_modules/brace-expansion
161 silly REMOVE node_modules/npm/node_modules/node-gyp/node_modules/cacache/node_modules/glob
162 silly REMOVE node_modules/npm/node_modules/node-gyp/node_modules/fs-minipass
163 silly REMOVE node_modules/npm/node_modules/node-gyp/node_modules/abbrev
164 silly CHANGE node_modules/npm/node_modules/mkdirp
165 silly REMOVE node_modules/npm/node_modules/minizlib/node_modules/minipass
166 silly REMOVE node_modules/npm/node_modules/minipass-sized/node_modules/minipass
167 silly REMOVE node_modules/npm/node_modules/minipass-pipeline/node_modules/minipass
168 silly REMOVE node_modules/npm/node_modules/minipass-flush/node_modules/minipass
169 silly CHANGE node_modules/npm/node_modules/minipass-fetch
170 silly REMOVE node_modules/npm/node_modules/minipass-json-stream/node_modules/minipass
171 silly REMOVE node_modules/npm/node_modules/minipass-collect/node_modules/minipass
172 silly CHANGE node_modules/npm/node_modules/minipass
173 silly CHANGE node_modules/npm/node_modules/minimatch
174 silly CHANGE node_modules/npm/node_modules/make-fetch-happen
175 silly CHANGE node_modules/npm/node_modules/libnpmorg
176 silly CHANGE node_modules/npm/node_modules/lru-cache
177 silly CHANGE node_modules/npm/node_modules/libnpmteam
178 silly CHANGE node_modules/npm/node_modules/libnpmpack
179 silly CHANGE node_modules/npm/node_modules/libnpmpublish
180 silly CHANGE node_modules/npm/node_modules/libnpmaccess
181 silly CHANGE node_modules/npm/node_modules/libnpmdiff
182 silly CHANGE node_modules/npm/node_modules/libnpmhook
183 silly CHANGE node_modules/npm/node_modules/libnpmexec
184 silly CHANGE node_modules/npm/node_modules/libnpmfund
185 silly CHANGE node_modules/npm/node_modules/just-diff-apply
186 silly CHANGE node_modules/npm/node_modules/just-diff
187 silly CHANGE node_modules/npm/node_modules/json-parse-even-better-errors
188 silly CHANGE node_modules/npm/node_modules/is-core-module
189 silly CHANGE node_modules/npm/node_modules/init-package-json
190 silly REMOVE node_modules/npm/node_modules/events
191 silly REMOVE node_modules/npm/node_modules/event-target-shim
192 silly REMOVE node_modules/npm/node_modules/ieee754
193 silly CHANGE node_modules/npm/node_modules/ignore-walk
194 silly CHANGE node_modules/npm/node_modules/hosted-git-info
195 silly CHANGE node_modules/npm/node_modules/fastest-levenshtein
196 silly CHANGE node_modules/npm/node_modules/glob
197 silly REMOVE node_modules/npm/node_modules/glob/node_modules/minimatch
198 silly CHANGE node_modules/npm/node_modules/gauge
199 silly CHANGE node_modules/npm/node_modules/fs-minipass
200 silly CHANGE node_modules/npm/node_modules/defaults
201 silly CHANGE node_modules/npm/node_modules/cssesc
202 silly CHANGE node_modules/npm/node_modules/cli-table3
203 silly REMOVE node_modules/npm/node_modules/base64-js
204 silly CHANGE node_modules/npm/node_modules/color-support
205 silly REMOVE node_modules/npm/node_modules/buffer
206 silly CHANGE node_modules/npm/node_modules/cmd-shim
207 silly REMOVE node_modules/npm/node_modules/abort-controller
208 silly REMOVE node_modules/npm/node_modules/ci-info
209 silly CHANGE node_modules/npm/node_modules/cacache
210 silly CHANGE node_modules/npm/node_modules/bin-links
211 silly CHANGE node_modules/npm/node_modules/are-we-there-yet
212 silly CHANGE node_modules/npm/node_modules/abbrev
213 timing command:install Completed in 1457ms
214 verbose exit 0
215 timing npm Completed in 1574ms
216 info ok
