0 verbose cli /Users/vincent.vanhassel/.nvm/versions/node/v18.16.1/bin/node /Users/vincent.vanhassel/.nvm/versions/node/v18.16.1/bin/npm
1 info using npm@9.5.1
2 info using node@v18.16.1
3 timing npm:load:whichnode Completed in 1ms
4 timing config:load:defaults Completed in 1ms
5 timing config:load:file:/Users/vincent.vanhassel/.nvm/versions/node/v18.16.1/lib/node_modules/npm/npmrc Completed in 1ms
6 timing config:load:builtin Completed in 1ms
7 timing config:load:cli Completed in 2ms
8 timing config:load:env Completed in 0ms
9 timing config:load:file:/Users/vincent.vanhassel/BNP/sandbox/Hyperledger-Besu/Ethereum-Besu/blockscout-5.1.3-beta/apps/explorer/.npmrc Completed in 0ms
10 timing config:load:project Completed in 1ms
11 timing config:load:file:/Users/vincent.vanhassel/.npmrc Completed in 2ms
12 timing config:load:user Completed in 2ms
13 timing config:load:file:/Users/vincent.vanhassel/.nvm/versions/node/v18.16.1/etc/npmrc Completed in 0ms
14 timing config:load:global Completed in 0ms
15 timing config:load:setEnvs Completed in 1ms
16 timing config:load Completed in 9ms
17 timing npm:load:configload Completed in 9ms
18 timing npm:load:mkdirpcache Completed in 0ms
19 timing npm:load:mkdirplogs Completed in 0ms
20 verbose title npm
21 verbose argv "-vversion"
22 timing npm:load:setTitle Completed in 15ms
23 timing config:load:flatten Completed in 2ms
24 timing npm:load:display Completed in 2ms
25 verbose logfile logs-max:10 dir:/Users/vincent.vanhassel/.npm/_logs/2023-12-27T13_37_01_662Z-
26 verbose logfile /Users/vincent.vanhassel/.npm/_logs/2023-12-27T13_37_01_662Z-debug-0.log
27 timing npm:load:logFile Completed in 5ms
28 timing npm:load:timers Completed in 0ms
29 timing npm:load:configScope Completed in 0ms
30 timing npm:load Completed in 32ms
31 verbose exit 0
32 timing npm Completed in 38ms
33 verbose code 1
