0 verbose cli /Users/vincent.vanhassel/.nvm/versions/node/v18.16.1/bin/node /Users/vincent.vanhassel/.nvm/versions/node/v18.16.1/bin/npm
1 info using npm@8.19.4
2 info using node@v18.16.1
3 timing npm:load:whichnode Completed in 1ms
4 timing config:load:defaults Completed in 3ms
5 timing config:load:file:/Users/vincent.vanhassel/.nvm/versions/node/v18.16.1/lib/node_modules/npm/npmrc Completed in 0ms
6 timing config:load:builtin Completed in 0ms
7 timing config:load:cli Completed in 2ms
8 timing config:load:env Completed in 0ms
9 timing config:load:file:/Users/vincent.vanhassel/BNP/sandbox/Hyperledger-Besu/Ethereum-Besu/blockscout-5.1.3-beta/apps/explorer/.npmrc Completed in 0ms
10 timing config:load:project Completed in 5ms
11 timing config:load:file:/Users/vincent.vanhassel/.npmrc Completed in 2ms
12 timing config:load:user Completed in 2ms
13 timing config:load:file:/Users/vincent.vanhassel/.nvm/versions/node/v18.16.1/etc/npmrc Completed in 0ms
14 timing config:load:global Completed in 0ms
15 timing config:load:validate Completed in 0ms
16 timing config:load:credentials Completed in 1ms
17 timing config:load:setEnvs Completed in 1ms
18 timing config:load Completed in 14ms
19 timing npm:load:configload Completed in 14ms
20 timing npm:load:mkdirpcache Completed in 1ms
21 timing npm:load:mkdirplogs Completed in 0ms
22 verbose title npm
23 verbose argv "--version"
24 timing npm:load:setTitle Completed in 21ms
25 timing config:load:flatten Completed in 2ms
26 timing npm:load:display Completed in 4ms
27 verbose logfile logs-max:10 dir:/Users/vincent.vanhassel/.npm/_logs
28 verbose logfile /Users/vincent.vanhassel/.npm/_logs/2023-12-27T13_39_47_530Z-debug-0.log
29 timing npm:load:logFile Completed in 3ms
30 timing npm:load:timers Completed in 0ms
31 timing npm:load:configScope Completed in 0ms
32 timing npm:load Completed in 44ms
33 verbose exit 0
34 timing npm Completed in 49ms
35 info ok
