0 verbose cli /Users/vincent.vanhassel/.nvm/versions/node/v18.16.1/bin/node /Users/vincent.vanhassel/.nvm/versions/node/v18.16.1/bin/npm
1 info using npm@8.19.4
2 info using node@v18.16.1
3 timing npm:load:whichnode Completed in 0ms
4 timing config:load:defaults Completed in 2ms
5 timing config:load:file:/Users/vincent.vanhassel/.nvm/versions/node/v18.16.1/lib/node_modules/npm/npmrc Completed in 1ms
6 timing config:load:builtin Completed in 1ms
7 timing config:load:cli Completed in 1ms
8 timing config:load:env Completed in 0ms
9 timing config:load:file:/Users/vincent.vanhassel/BNP/sandbox/Hyperledger-Besu/Ethereum-Besu/blockscout-5.1.3-beta/apps/explorer/.npmrc Completed in 0ms
10 timing config:load:project Completed in 3ms
11 timing config:load:file:/Users/vincent.vanhassel/.npmrc Completed in 3ms
12 timing config:load:user Completed in 3ms
13 timing config:load:file:/Users/vincent.vanhassel/.nvm/versions/node/v18.16.1/etc/npmrc Completed in 0ms
14 timing config:load:global Completed in 0ms
15 timing config:load:validate Completed in 1ms
16 timing config:load:credentials Completed in 0ms
17 timing config:load:setEnvs Completed in 1ms
18 timing config:load Completed in 12ms
19 timing npm:load:configload Completed in 12ms
20 timing npm:load:mkdirpcache Completed in 1ms
21 timing npm:load:mkdirplogs Completed in 0ms
22 verbose title npm install
23 verbose argv "install"
24 timing npm:load:setTitle Completed in 14ms
25 timing config:load:flatten Completed in 2ms
26 timing npm:load:display Completed in 3ms
27 verbose logfile logs-max:10 dir:/Users/vincent.vanhassel/.npm/_logs
28 verbose logfile /Users/vincent.vanhassel/.npm/_logs/2023-12-27T13_40_54_604Z-debug-0.log
29 timing npm:load:logFile Completed in 4ms
30 timing npm:load:timers Completed in 0ms
31 timing npm:load:configScope Completed in 0ms
32 timing npm:load Completed in 34ms
33 timing arborist:ctor Completed in 0ms
34 silly logfile start cleaning logs, removing 4 files
35 silly logfile done cleaning log files
36 timing idealTree:init Completed in 24ms
37 timing idealTree:userRequests Completed in 0ms
38 silly idealTree buildDeps
39 timing idealTree:#root Completed in 0ms
40 timing idealTree:buildDeps Completed in 2ms
41 timing idealTree:fixDepFlags Completed in 0ms
42 timing idealTree Completed in 27ms
43 timing arborist:ctor Completed in 0ms
44 timing reify:loadTrees Completed in 36ms
45 timing reify:diffTrees Completed in 3ms
46 silly reify moves {}
47 timing reify:retireShallow Completed in 1ms
48 timing reify:createSparse Completed in 0ms
49 timing reify:loadBundles Completed in 0ms
50 silly audit bulk request {
50 silly audit   'command-exists': [ '1.2.9' ],
50 silly audit   commander: [ '8.3.0' ],
50 silly audit   'follow-redirects': [ '1.14.8' ],
50 silly audit   'js-sha3': [ '0.8.0' ],
50 silly audit   memorystream: [ '0.3.1' ],
50 silly audit   'os-tmpdir': [ '1.0.2' ],
50 silly audit   semver: [ '5.7.1' ],
50 silly audit   solc: [ '0.8.19' ],
50 silly audit   tmp: [ '0.0.33' ]
50 silly audit }
51 timing reify:unpack Completed in 2ms
52 timing reify:unretire Completed in 0ms
53 timing build:queue Completed in 0ms
54 timing build:deps Completed in 0ms
55 timing build Completed in 0ms
56 timing reify:build Completed in 0ms
57 timing reify:trash Completed in 0ms
58 timing reify:save Completed in 8ms
59 http fetch POST 200 https://registry.npmjs.org/-/npm/v1/security/advisories/bulk 334ms
60 timing auditReport:getReport Completed in 336ms
61 silly audit report {
61 silly audit report   semver: [
61 silly audit report     {
61 silly audit report       id: 1094554,
61 silly audit report       url: 'https://github.com/advisories/GHSA-c2qf-rxjj-qqgw',
61 silly audit report       title: 'semver vulnerable to Regular Expression Denial of Service',
61 silly audit report       severity: 'moderate',
61 silly audit report       vulnerable_versions: '<5.7.2',
61 silly audit report       cwe: [Array],
61 silly audit report       cvss: [Object]
61 silly audit report     }
61 silly audit report   ]
61 silly audit report }
62 timing metavuln:cache:get:security-advisory:semver:3PyBKqoXEpiL7mFRG7u0gNFJbfuPkyG3pE4CL+7K43jfFC8aNmrbqXPNAP9cb7xSQVnnHiYFl6opVqdT+Xmf1g== Completed in 2ms
63 http fetch GET 200 https://registry.npmjs.org/semver 48ms (cache miss)
64 timing metavuln:packument:semver Completed in 50ms
65 timing metavuln:load:security-advisory:semver:1094554 Completed in 5ms
66 timing metavuln:cache:put:security-advisory:semver:3PyBKqoXEpiL7mFRG7u0gNFJbfuPkyG3pE4CL+7K43jfFC8aNmrbqXPNAP9cb7xSQVnnHiYFl6opVqdT+Xmf1g== Completed in 5ms
67 timing metavuln:calculate:security-advisory:semver:1094554 Completed in 62ms
68 timing metavuln:cache:get:security-advisory:solc:Hl6XSAO0wgrFuHhf6pa7J4q7M/EHUi4R6qchh74ihnW4RPdNprrRQeRjxwGwVmGXbtsFfpT/A/hKerMEax2u4g== Completed in 1ms
69 http fetch GET 200 https://registry.npmjs.org/solc 34ms (cache miss)
70 timing metavuln:packument:solc Completed in 35ms
71 timing metavuln:load:security-advisory:solc:3PyBKqoXEpiL7mFRG7u0gNFJbfuPkyG3pE4CL+7K43jfFC8aNmrbqXPNAP9cb7xSQVnnHiYFl6opVqdT+Xmf1g== Completed in 5ms
72 timing metavuln:cache:put:security-advisory:solc:Hl6XSAO0wgrFuHhf6pa7J4q7M/EHUi4R6qchh74ihnW4RPdNprrRQeRjxwGwVmGXbtsFfpT/A/hKerMEax2u4g== Completed in 3ms
73 timing metavuln:calculate:security-advisory:solc:3PyBKqoXEpiL7mFRG7u0gNFJbfuPkyG3pE4CL+7K43jfFC8aNmrbqXPNAP9cb7xSQVnnHiYFl6opVqdT+Xmf1g== Completed in 44ms
74 timing auditReport:init Completed in 106ms
75 timing reify:audit Completed in 443ms
76 timing reify Completed in 495ms
77 timing command:install Completed in 504ms
78 verbose exit 0
79 timing npm Completed in 604ms
80 info ok
